2026-03-01 10:07:16,487 [v2] INFO: ============================================================
2026-03-01 10:07:16,487 [v2] INFO: STAGE 1: Dataset Preparation
2026-03-01 10:07:16,487 [v2] INFO: ============================================================
2026-03-01 10:07:35,691 [dataset] INFO: Generated 1000 synthetic images in data/covers_v2
2026-03-01 10:07:35,698 [v2] INFO: Dataset ready: 1000 images
2026-03-01 10:07:35,699 [v2] INFO: ============================================================
2026-03-01 10:07:35,699 [v2] INFO: STAGE 2: Main Experiments (Baseline + Adaptive)
2026-03-01 10:07:35,700 [v2] INFO: ============================================================
2026-03-01 10:12:28,809 [v2] INFO:   Progress: 100/1000 (43m57s remaining)
2026-03-01 10:18:18,247 [v2] INFO:   Progress: 200/1000 (42m50s remaining)
2026-03-01 10:23:34,052 [v2] INFO:   Progress: 300/1000 (37m16s remaining)
2026-03-01 10:29:13,097 [v2] INFO:   Progress: 400/1000 (32m26s remaining)
2026-03-01 10:37:14,457 [v2] INFO:   Progress: 500/1000 (29m38s remaining)
2026-03-01 10:46:38,185 [v2] INFO:   Progress: 600/1000 (26m01s remaining)
2026-03-01 10:54:58,847 [v2] INFO:   Progress: 700/1000 (20m18s remaining)
2026-03-01 11:04:13,179 [v2] INFO:   Progress: 800/1000 (14m09s remaining)
2026-03-01 11:14:58,573 [v2] INFO:   Progress: 900/1000 (7m29s remaining)
2026-03-01 11:26:30,344 [v2] INFO: Main experiments complete: 15000 rows in 1h18m
2026-03-01 11:26:30,352 [v2] INFO:   Saved to data/outputs_v2/v2_all_results.csv
2026-03-01 11:26:35,393 [v2] INFO:   SRM features saved to data/outputs_v2/srm_features.npz
2026-03-01 11:26:35,562 [v2] INFO: ============================================================
2026-03-01 11:26:35,562 [v2] INFO: STAGE 3: Statistical Analysis
2026-03-01 11:26:35,562 [v2] INFO: ============================================================
2026-03-01 11:26:39,412 [v2] INFO: Statistical analysis: 90 comparisons saved to data/outputs_v2/v2_statistical_tests.csv
2026-03-01 11:26:39,414 [v2] INFO: ============================================================
2026-03-01 11:26:39,415 [v2] INFO: STAGE 4: Depth Map Synchronization Analysis
2026-03-01 11:26:39,415 [v2] INFO: ============================================================
2026-03-01 11:26:39,415 [v2] INFO:   Sync analysis at bpp=0.1
2026-03-01 11:28:47,666 [v2] INFO:   Sync analysis at bpp=0.2
2026-03-01 11:30:02,221 [v2] INFO:   Sync analysis at bpp=0.4
2026-03-01 11:31:27,031 [v2] INFO: ============================================================
2026-03-01 11:31:27,037 [v2] INFO: STAGE 5: Feature-Based Deep Steganalysis
2026-03-01 11:31:27,037 [v2] INFO: ============================================================
2026-03-01 11:31:27,469 [v2] INFO:   Fixed-LSB-1 bpp=0.05: AUC=0.7542±0.0142 TPR@5%FPR=0.2710
2026-03-01 11:31:27,583 [v2] INFO:   Fixed-LSB-1 bpp=0.1: AUC=0.8614±0.0146 TPR@5%FPR=0.4710
2026-03-01 11:31:27,697 [v2] INFO:   Fixed-LSB-1 bpp=0.2: AUC=0.9318±0.0125 TPR@5%FPR=0.6955
2026-03-01 11:31:27,828 [v2] INFO:   Fixed-LSB-1 bpp=0.3: AUC=0.9587±0.0086 TPR@5%FPR=0.7820
2026-03-01 11:31:27,946 [v2] INFO:   Fixed-LSB-1 bpp=0.4: AUC=0.9715±0.0057 TPR@5%FPR=0.8600
2026-03-01 11:31:28,064 [v2] INFO:   Fixed-LSB-2 bpp=0.05: AUC=0.7099±0.0126 TPR@5%FPR=0.2140
2026-03-01 11:31:28,171 [v2] INFO:   Fixed-LSB-2 bpp=0.1: AUC=0.8246±0.0162 TPR@5%FPR=0.3827
2026-03-01 11:31:28,282 [v2] INFO:   Fixed-LSB-2 bpp=0.2: AUC=0.9118±0.0170 TPR@5%FPR=0.6130
2026-03-01 11:31:28,354 [v2] INFO:   Fixed-LSB-2 bpp=0.3: AUC=0.9378±0.0149 TPR@5%FPR=0.7090
2026-03-01 11:31:28,445 [v2] INFO:   Fixed-LSB-2 bpp=0.4: AUC=0.9464±0.0140 TPR@5%FPR=0.7350
2026-03-01 11:31:28,518 [v2] INFO:   Adaptive bpp=0.05: AUC=0.6598±0.0077 TPR@5%FPR=0.1610
2026-03-01 11:31:28,603 [v2] INFO:   Adaptive bpp=0.1: AUC=0.7619±0.0145 TPR@5%FPR=0.2740
2026-03-01 11:31:28,693 [v2] INFO:   Adaptive bpp=0.2: AUC=0.8647±0.0169 TPR@5%FPR=0.4755
2026-03-01 11:31:28,794 [v2] INFO:   Adaptive bpp=0.3: AUC=0.9076±0.0151 TPR@5%FPR=0.6010
2026-03-01 11:31:28,920 [v2] INFO:   Adaptive bpp=0.4: AUC=0.9343±0.0118 TPR@5%FPR=0.6937
2026-03-01 11:31:28,925 [v2] INFO: Deep steganalysis: 15 rows saved to data/outputs_v2/v2_deep_steganalysis.csv
2026-03-01 11:31:28,945 [v2] INFO: ============================================================
2026-03-01 11:31:28,945 [v2] INFO: STAGE 6: Ablation Study
2026-03-01 11:31:28,945 [v2] INFO: ============================================================
2026-03-01 11:33:59,867 [v2] INFO:   Ablation progress: 25/100 (7m32s remaining)
2026-03-01 11:35:37,932 [v2] INFO:   Ablation progress: 50/100 (4m08s remaining)
2026-03-01 11:37:09,421 [v2] INFO:   Ablation progress: 75/100 (1m53s remaining)
2026-03-01 11:38:41,131 [v2] INFO: Ablation study: 2000 rows in 7m12s
2026-03-01 11:38:41,134 [v2] INFO: ============================================================
2026-03-01 11:38:41,134 [v2] INFO: STAGE 7: Computational Complexity Analysis
2026-03-01 11:38:41,134 [v2] INFO: ============================================================
2026-03-01 11:38:55,687 [v2] INFO: Complexity analysis: 150 rows saved to data/outputs_v2/v2_complexity.csv
2026-03-01 11:38:55,688 [v2] INFO: ============================================================
2026-03-01 11:38:55,688 [v2] INFO: STAGE 8: Plot Generation
2026-03-01 11:38:55,688 [v2] INFO: ============================================================
2026-03-01 11:38:57,273 [v2] INFO:   Plot: psnr_vs_bpp
2026-03-01 11:38:57,482 [v2] INFO:   Plot: ssim_vs_bpp
2026-03-01 11:38:57,686 [v2] INFO:   Plot: mse_vs_bpp
2026-03-01 11:38:57,909 [v2] INFO:   Plot: kl_divergence_vs_bpp
2026-03-01 11:38:58,407 [v2] INFO:   Plot: detection_rates
2026-03-01 11:38:59,451 [v2] INFO:   Plot: ROC curves (per bpp)
2026-03-01 11:38:59,853 [v2] INFO:   Plot: ablation
2026-03-01 11:39:00,156 [v2] INFO:   Plot: complexity
2026-03-01 11:39:00,156 [v2] INFO: All plots saved to data/outputs_v2/plots/
2026-03-01 11:39:00,203 [v2] INFO: Environment info saved to data/outputs_v2/v2_environment.json
2026-03-01 11:39:00,204 [v2] INFO: ============================================================
2026-03-01 11:39:00,204 [v2] INFO: V2 PIPELINE COMPLETE — Total time: 1h31m
2026-03-01 11:39:00,204 [v2] INFO: All results in: data/outputs_v2/
2026-03-01 11:39:00,204 [v2] INFO: ============================================================
